<?xml version="1.0" encoding="UTF-8"?>
<!-- Generated by org.testng.reporters.JUnitXMLReporter -->
<testsuite hostname="LAPTOP-M1QCSK2F" ignored="0" name="Default test" tests="3" failures="0" timestamp="17 Jul 2022 08:39:24 GMT" time="33.128" errors="0">
  <testcase name="login_tc1" time="2.864" classname="org.testNgQuestions.FlipkartLoginData"/>
  <testcase name="login_tc1" time="3.539" classname="org.testNgQuestions.FlipkartLoginData"/>
  <testcase name="login_tc1" time="3.374" classname="org.testNgQuestions.FlipkartLoginData"/>
</testsuite> <!-- Default test -->
