<?xml version="1.0" encoding="UTF-8"?>
<!-- Generated by org.testng.reporters.JUnitXMLReporter -->
<testsuite hostname="LAPTOP-M1QCSK2F" ignored="0" name="ABC" tests="9" failures="0" timestamp="08 Aug 2022 06:23:03 GMT" time="0.218" errors="0">
  <testcase name="tc1" time="0.021" classname="org.parallel.testng.A"/>
  <testcase name="tc2" time="0.005" classname="org.parallel.testng.A"/>
  <testcase name="tc3" time="0.008" classname="org.parallel.testng.A"/>
  <testcase name="tc4" time="0.005" classname="org.parallel.testng.B"/>
  <testcase name="tc6" time="0.004" classname="org.parallel.testng.B"/>
  <testcase name="tc5" time="0.007" classname="org.parallel.testng.B"/>
  <testcase name="tc7" time="0.003" classname="org.parallel.testng.C"/>
  <testcase name="tc8" time="0.003" classname="org.parallel.testng.C"/>
  <testcase name="tc9" time="0.002" classname="org.parallel.testng.C"/>
</testsuite> <!-- ABC -->
