<?xml version="1.0" encoding="UTF-8"?>
<testng-results skipped="0" failed="0" ignored="0" total="10" passed="10">
  <reporter-output>
  </reporter-output>
  <suite name="Suite" duration-ms="218" started-at="2022-08-08T06:23:03Z" finished-at="2022-08-08T06:23:03Z">
    <groups>
      <group name="classC">
        <method signature="C.tc7()[pri:1, instance:org.parallel.testng.C@2f686d1f]" name="tc7" class="org.parallel.testng.C"/>
        <method signature="C.tc8()[pri:2, instance:org.parallel.testng.C@2f686d1f]" name="tc8" class="org.parallel.testng.C"/>
        <method signature="C.tc9()[pri:3, instance:org.parallel.testng.C@2f686d1f]" name="tc9" class="org.parallel.testng.C"/>
      </group> <!-- classC -->
      <group name="classB">
        <method signature="B.tc4()[pri:1, instance:org.parallel.testng.B@3fee9989]" name="tc4" class="org.parallel.testng.B"/>
        <method signature="B.tc5()[pri:3, instance:org.parallel.testng.B@3fee9989]" name="tc5" class="org.parallel.testng.B"/>
        <method signature="B.tc6()[pri:2, instance:org.parallel.testng.B@3fee9989]" name="tc6" class="org.parallel.testng.B"/>
      </group> <!-- classB -->
      <group name="classA">
        <method signature="A.tc1()[pri:1, instance:org.parallel.testng.A@73ad2d6]" name="tc1" class="org.parallel.testng.A"/>
        <method signature="A.tc2()[pri:2, instance:org.parallel.testng.A@73ad2d6]" name="tc2" class="org.parallel.testng.A"/>
        <method signature="A.tc3()[pri:3, instance:org.parallel.testng.A@73ad2d6]" name="tc3" class="org.parallel.testng.A"/>
      </group> <!-- classA -->
      <group name="sanity">
        <method signature="D.tc10()[pri:0, instance:org.pom.D@10bdf5e5]" name="tc10" class="org.pom.D"/>
      </group> <!-- sanity -->
    </groups>
    <test name="D" duration-ms="80" started-at="2022-08-08T06:23:03Z" finished-at="2022-08-08T06:23:03Z">
      <class name="org.pom.D">
        <test-method status="PASS" signature="tc10()[pri:0, instance:org.pom.D@10bdf5e5]" name="tc10" duration-ms="21" started-at="2022-08-08T06:23:03Z" finished-at="2022-08-08T06:23:03Z">
          <reporter-output>
          </reporter-output>
        </test-method> <!-- tc10 -->
      </class> <!-- org.pom.D -->
    </test> <!-- D -->
    <test name="ABC" duration-ms="218" started-at="2022-08-08T06:23:03Z" finished-at="2022-08-08T06:23:03Z">
      <class name="org.parallel.testng.A">
        <test-method status="PASS" signature="tc1()[pri:1, instance:org.parallel.testng.A@73ad2d6]" name="tc1" duration-ms="21" started-at="2022-08-08T06:23:03Z" finished-at="2022-08-08T06:23:03Z">
          <reporter-output>
          </reporter-output>
        </test-method> <!-- tc1 -->
        <test-method status="PASS" signature="tc2()[pri:2, instance:org.parallel.testng.A@73ad2d6]" name="tc2" duration-ms="5" started-at="2022-08-08T06:23:03Z" finished-at="2022-08-08T06:23:03Z">
          <reporter-output>
          </reporter-output>
        </test-method> <!-- tc2 -->
        <test-method status="PASS" signature="tc3()[pri:3, instance:org.parallel.testng.A@73ad2d6]" name="tc3" duration-ms="8" started-at="2022-08-08T06:23:03Z" finished-at="2022-08-08T06:23:03Z">
          <reporter-output>
          </reporter-output>
        </test-method> <!-- tc3 -->
      </class> <!-- org.parallel.testng.A -->
      <class name="org.parallel.testng.B">
        <test-method status="PASS" signature="tc4()[pri:1, instance:org.parallel.testng.B@3fee9989]" name="tc4" duration-ms="5" depends-on-groups="classA" started-at="2022-08-08T06:23:03Z" finished-at="2022-08-08T06:23:03Z">
          <reporter-output>
          </reporter-output>
        </test-method> <!-- tc4 -->
        <test-method status="PASS" signature="tc6()[pri:2, instance:org.parallel.testng.B@3fee9989]" name="tc6" duration-ms="4" depends-on-groups="classA" started-at="2022-08-08T06:23:03Z" finished-at="2022-08-08T06:23:03Z">
          <reporter-output>
          </reporter-output>
        </test-method> <!-- tc6 -->
        <test-method status="PASS" signature="tc5()[pri:3, instance:org.parallel.testng.B@3fee9989]" name="tc5" duration-ms="7" depends-on-groups="classA" started-at="2022-08-08T06:23:03Z" finished-at="2022-08-08T06:23:03Z">
          <reporter-output>
          </reporter-output>
        </test-method> <!-- tc5 -->
      </class> <!-- org.parallel.testng.B -->
      <class name="org.parallel.testng.C">
        <test-method status="PASS" signature="tc7()[pri:1, instance:org.parallel.testng.C@2f686d1f]" name="tc7" duration-ms="3" depends-on-groups="classB" started-at="2022-08-08T06:23:03Z" finished-at="2022-08-08T06:23:03Z">
          <reporter-output>
          </reporter-output>
        </test-method> <!-- tc7 -->
        <test-method status="PASS" signature="tc8()[pri:2, instance:org.parallel.testng.C@2f686d1f]" name="tc8" duration-ms="3" depends-on-groups="classB" started-at="2022-08-08T06:23:03Z" finished-at="2022-08-08T06:23:03Z">
          <reporter-output>
          </reporter-output>
        </test-method> <!-- tc8 -->
        <test-method status="PASS" signature="tc9()[pri:3, instance:org.parallel.testng.C@2f686d1f]" name="tc9" duration-ms="2" depends-on-groups="classB" started-at="2022-08-08T06:23:03Z" finished-at="2022-08-08T06:23:03Z">
          <reporter-output>
          </reporter-output>
        </test-method> <!-- tc9 -->
      </class> <!-- org.parallel.testng.C -->
    </test> <!-- ABC -->
  </suite> <!-- Suite -->
</testng-results>
